# JRE version: Java(TM) SE Runtime Environment (17.0.12+8) (build 17.0.12+8-LTS-286)
# Java VM: Java HotSpot(TM) 64-Bit Server VM (17.0.12+8-LTS-286, mixed mode, sharing, tiered, compressed oops, compressed class ptrs, g1 gc, windows-amd64)
GC Precious Log:
 CPUs: 8 total, 8 available
 Memory: 3910M
 Large Page Support: Disabled
 NUMA Support: Disabled
 Compressed Oops: Enabled (32-bit)
 Heap Region Size: 1M
 Heap Min Capacity: 8M
 Heap Initial Capacity: 62M
 Heap Max Capacity: 978M
 Pre-touch: Disabled
 Parallel Workers: 8
 Concurrent Workers: 2
 Concurrent Refinement Workers: 8
 Periodic GC: Disabled
Heap:
 garbage-first heap   total 66560K, used 43411K [0x00000000c2e00000, 0x0000000100000000)
  region size 1024K, 17 young (17408K), 3 survivors (3072K)
 Metaspace       used 69805K, committed 70336K, reserved 1114112K
  class space    used 9655K, committed 9920K, reserved 1048576K
GC Heap History (20 events):
Event: 11.966 GC heap before
{Heap before GC invocations=9 (full 0):
 garbage-first heap   total 55296K, used 40640K [0x00000000c2e00000, 0x0000000100000000)
  region size 1024K, 24 young (24576K), 2 survivors (2048K)
 Metaspace       used 35321K, committed 35840K, reserved 1114112K
  class space    used 4707K, committed 4928K, reserved 1048576K
}
Event: 11.972 GC heap after
{Heap after GC invocations=10 (full 0):
 garbage-first heap   total 55296K, used 19180K [0x00000000c2e00000, 0x0000000100000000)
  region size 1024K, 3 young (3072K), 3 survivors (3072K)
 Metaspace       used 35321K, committed 35840K, reserved 1114112K
  class space    used 4707K, committed 4928K, reserved 1048576K
}
Event: 12.035 GC heap before
{Heap before GC invocations=10 (full 0):
 garbage-first heap   total 55296K, used 19180K [0x00000000c2e00000, 0x0000000100000000)
  region size 1024K, 4 young (4096K), 3 survivors (3072K)
 Metaspace       used 35605K, committed 36096K, reserved 1114112K
  class space    used 4748K, committed 4992K, reserved 1048576K
}
Event: 12.041 GC heap after
{Heap after GC invocations=11 (full 0):
 garbage-first heap   total 55296K, used 19343K [0x00000000c2e00000, 0x0000000100000000)
  region size 1024K, 2 young (2048K), 2 survivors (2048K)
 Metaspace       used 35605K, committed 36096K, reserved 1114112K
  class space    used 4748K, committed 4992K, reserved 1048576K
}
Event: 13.903 GC heap before
{Heap before GC invocations=12 (full 0):
 garbage-first heap   total 55296K, used 42895K [0x00000000c2e00000, 0x0000000100000000)
  region size 1024K, 25 young (25600K), 2 survivors (2048K)
 Metaspace       used 45319K, committed 45888K, reserved 1114112K
  class space    used 5939K, committed 6208K, reserved 1048576K
}
Event: 13.910 GC heap after
{Heap after GC invocations=13 (full 0):
 garbage-first heap   total 55296K, used 21771K [0x00000000c2e00000, 0x0000000100000000)
  region size 1024K, 4 young (4096K), 4 survivors (4096K)
 Metaspace       used 45319K, committed 45888K, reserved 1114112K
  class space    used 5939K, committed 6208K, reserved 1048576K
}
Event: 13.952 GC heap before
{Heap before GC invocations=13 (full 0):
 garbage-first heap   total 55296K, used 22795K [0x00000000c2e00000, 0x0000000100000000)
  region size 1024K, 5 young (5120K), 4 survivors (4096K)
 Metaspace       used 45542K, committed 46080K, reserved 1114112K
  class space    used 5970K, committed 6208K, reserved 1048576K
}
Event: 13.959 GC heap after
{Heap after GC invocations=14 (full 0):
 garbage-first heap   total 55296K, used 22045K [0x00000000c2e00000, 0x0000000100000000)
  region size 1024K, 1 young (1024K), 1 survivors (1024K)
 Metaspace       used 45542K, committed 46080K, reserved 1114112K
  class space    used 5970K, committed 6208K, reserved 1048576K
}
Event: 14.872 GC heap before
{Heap before GC invocations=14 (full 0):
 garbage-first heap   total 55296K, used 41501K [0x00000000c2e00000, 0x0000000100000000)
  region size 1024K, 21 young (21504K), 1 survivors (1024K)
 Metaspace       used 50645K, committed 51136K, reserved 1114112K
  class space    used 6698K, committed 6912K, reserved 1048576K
}
Event: 14.876 GC heap after
{Heap after GC invocations=15 (full 0):
 garbage-first heap   total 66560K, used 22655K [0x00000000c2e00000, 0x0000000100000000)
  region size 1024K, 2 young (2048K), 2 survivors (2048K)
 Metaspace       used 50645K, committed 51136K, reserved 1114112K
  class space    used 6698K, committed 6912K, reserved 1048576K
}
Event: 15.917 GC heap before
{Heap before GC invocations=15 (full 0):
 garbage-first heap   total 66560K, used 51327K [0x00000000c2e00000, 0x0000000100000000)
  region size 1024K, 30 young (30720K), 2 survivors (2048K)
 Metaspace       used 57492K, committed 58048K, reserved 1114112K
  class space    used 7726K, committed 8000K, reserved 1048576K
}
Event: 15.923 GC heap after
{Heap after GC invocations=16 (full 0):
 garbage-first heap   total 66560K, used 23973K [0x00000000c2e00000, 0x0000000100000000)
  region size 1024K, 3 young (3072K), 3 survivors (3072K)
 Metaspace       used 57492K, committed 58048K, reserved 1114112K
  class space    used 7726K, committed 8000K, reserved 1048576K
}
Event: 16.423 GC heap before
{Heap before GC invocations=16 (full 0):
 garbage-first heap   total 66560K, used 36261K [0x00000000c2e00000, 0x0000000100000000)
  region size 1024K, 16 young (16384K), 3 survivors (3072K)
 Metaspace       used 59948K, committed 60480K, reserved 1114112K
  class space    used 8070K, committed 8320K, reserved 1048576K
}
Event: 16.429 GC heap after
{Heap after GC invocations=17 (full 0):
 garbage-first heap   total 66560K, used 25224K [0x00000000c2e00000, 0x0000000100000000)
  region size 1024K, 3 young (3072K), 3 survivors (3072K)
 Metaspace       used 59948K, committed 60480K, reserved 1114112K
  class space    used 8070K, committed 8320K, reserved 1048576K
}
Event: 17.110 GC heap before
{Heap before GC invocations=18 (full 0):
 garbage-first heap   total 66560K, used 52872K [0x00000000c2e00000, 0x0000000100000000)
  region size 1024K, 30 young (30720K), 3 survivors (3072K)
 Metaspace       used 63045K, committed 63616K, reserved 1114112K
  class space    used 8777K, committed 9024K, reserved 1048576K
}
Event: 17.116 GC heap after
{Heap after GC invocations=19 (full 0):
 garbage-first heap   total 66560K, used 27109K [0x00000000c2e00000, 0x0000000100000000)
  region size 1024K, 3 young (3072K), 3 survivors (3072K)
 Metaspace       used 63045K, committed 63616K, reserved 1114112K
  class space    used 8777K, committed 9024K, reserved 1048576K
}
Event: 17.498 GC heap before
{Heap before GC invocations=19 (full 0):
 garbage-first heap   total 66560K, used 51685K [0x00000000c2e00000, 0x0000000100000000)
  region size 1024K, 28 young (28672K), 3 survivors (3072K)
 Metaspace       used 64865K, committed 65408K, reserved 1114112K
  class space    used 9010K, committed 9280K, reserved 1048576K
}
Event: 17.502 GC heap after
{Heap after GC invocations=20 (full 0):
 garbage-first heap   total 66560K, used 27557K [0x00000000c2e00000, 0x0000000100000000)
  region size 1024K, 3 young (3072K), 3 survivors (3072K)
 Metaspace       used 64865K, committed 65408K, reserved 1114112K
  class space    used 9010K, committed 9280K, reserved 1048576K
}
Event: 18.535 GC heap before
{Heap before GC invocations=20 (full 0):
 garbage-first heap   total 66560K, used 53157K [0x00000000c2e00000, 0x0000000100000000)
  region size 1024K, 28 young (28672K), 3 survivors (3072K)
 Metaspace       used 67975K, committed 68544K, reserved 1114112K
  class space    used 9430K, committed 9728K, reserved 1048576K
}
Event: 18.543 GC heap after
{Heap after GC invocations=21 (full 0):
 garbage-first heap   total 66560K, used 30099K [0x00000000c2e00000, 0x0000000100000000)
  region size 1024K, 3 young (3072K), 3 survivors (3072K)
 Metaspace       used 67975K, committed 68544K, reserved 1114112K
  class space    used 9430K, committed 9728K, reserved 1048576K
}

